build/app/intermediates/manifest_merge_blame_file/debug/manifest-merger-blame-debug-report.txt
1<?xml version="1.0" encoding="utf-8"?>
2<manifest xmlns:android="http://schemas.android.com/apk/res/android"
3    package="ro.indecosoft.smart_home_mobile"
4    android:versionCode="1"
5    android:versionName="1.0.0" >
6
7    <uses-sdk
8        android:minSdkVersion="16"
9        android:targetSdkVersion="28" />
10    <!--
11         Flutter needs it to communicate with the running application
12         to allow setting breakpoints, to provide hot reload, etc.
13    -->
14    <uses-permission android:name="android.permission.INTERNET" />
14-->src/debug/AndroidManifest.xml:6:5-67
14-->src/debug/AndroidManifest.xml:6:22-64
15    <uses-permission android:name="android.permission.ACCESS_NETWORK_STATE" />
15-->src/debug/AndroidManifest.xml:7:5-79
15-->src/debug/AndroidManifest.xml:7:22-76
16    <uses-permission android:name="android.permission.CAMERA" />
16-->src/debug/AndroidManifest.xml:8:5-64
16-->src/debug/AndroidManifest.xml:8:22-62
17    <uses-permission android:name="android.permission.ACCESS_FINE_LOCATION" />
17-->src/debug/AndroidManifest.xml:9:5-78
17-->src/debug/AndroidManifest.xml:9:22-76
18    <uses-permission android:name="android.permission.ACCESS_COARSE_LOCATION" />
18-->src/debug/AndroidManifest.xml:10:5-80
18-->src/debug/AndroidManifest.xml:10:22-78
19    <uses-permission android:name="android.permission.READ_PHONE_STATE" />
19-->src/debug/AndroidManifest.xml:11:5-74
19-->src/debug/AndroidManifest.xml:11:22-72
20    <uses-permission android:name="android.permission.READ_EXTERNAL_STORAGE" />
20-->src/debug/AndroidManifest.xml:12:5-79
20-->src/debug/AndroidManifest.xml:12:22-77
21    <uses-permission android:name="android.permission.WRITE_EXTERNAL_STORAGE" />
21-->src/debug/AndroidManifest.xml:13:5-80
21-->src/debug/AndroidManifest.xml:13:22-78
22    <uses-permission android:name="android.permission.ACCESS_WIFI_STATE" />
22-->[:smartconfig] AndroidManifest.xml:7:5-76
22-->[:smartconfig] AndroidManifest.xml:7:22-73
23    <uses-permission android:name="android.permission.CHANGE_WIFI_STATE" />
23-->[:smartconfig] AndroidManifest.xml:8:5-76
23-->[:smartconfig] AndroidManifest.xml:8:22-73
24    <uses-permission android:name="android.permission.CHANGE_WIFI_MULTICAST_STATE" />
24-->[:smartconfig] AndroidManifest.xml:9:5-86
24-->[:smartconfig] AndroidManifest.xml:9:22-83
25    <!--
26 io.flutter.app.FlutterApplication is an android.app.Application that
27         calls FlutterMain.startInitialization(this); in its onCreate method.
28         In most cases you can leave this as-is, but you if you want to provide
29         additional functionality it is fine to subclass or reimplement
30         FlutterApplication and put your custom class here.
31    -->
32    <application
32-->src/main/AndroidManifest.xml:8:5-29:19
33        android:name="io.flutter.app.FlutterApplication"
33-->src/main/AndroidManifest.xml:9:9-57
34        android:appComponentFactory="androidx.core.app.CoreComponentFactory"
34-->[androidx.core:core:1.1.0] AndroidManifest.xml:24:18-86
35        android:debuggable="true"
36        android:icon="@mipmap/ic_launcher"
36-->src/main/AndroidManifest.xml:11:9-43
37        android:label="smart_home_mobile" >
37-->src/main/AndroidManifest.xml:10:9-42
38        <activity
38-->src/main/AndroidManifest.xml:12:9-23:20
39            android:name="ro.indecosoft.smart_home_mobile.MainActivity"
39-->src/main/AndroidManifest.xml:13:13-41
40            android:configChanges="orientation|keyboardHidden|keyboard|screenSize|smallestScreenSize|locale|layoutDirection|fontScale|screenLayout|density|uiMode"
40-->src/main/AndroidManifest.xml:16:13-163
41            android:hardwareAccelerated="true"
41-->src/main/AndroidManifest.xml:17:13-47
42            android:launchMode="singleTop"
42-->src/main/AndroidManifest.xml:14:13-43
43            android:theme="@style/LaunchTheme"
43-->src/main/AndroidManifest.xml:15:13-47
44            android:windowSoftInputMode="adjustResize" >
44-->src/main/AndroidManifest.xml:18:13-55
45            <intent-filter>
45-->src/main/AndroidManifest.xml:19:13-22:29
46                <action android:name="android.intent.action.MAIN" />
46-->src/main/AndroidManifest.xml:20:17-68
46-->src/main/AndroidManifest.xml:20:25-66
47
48                <category android:name="android.intent.category.LAUNCHER" />
48-->src/main/AndroidManifest.xml:21:17-76
48-->src/main/AndroidManifest.xml:21:27-74
49            </intent-filter>
50        </activity>
51        <!--
52             Don't delete the meta-data below.
53             This is used by the Flutter tool to generate GeneratedPluginRegistrant.java
54        -->
55        <meta-data
55-->src/main/AndroidManifest.xml:26:9-28:33
56            android:name="flutterEmbedding"
56-->src/main/AndroidManifest.xml:27:13-44
57            android:value="2" />
57-->src/main/AndroidManifest.xml:28:13-30
58
59        <activity
59-->[com.google.android.gms:play-services-base:17.0.0] AndroidManifest.xml:23:9-26:75
60            android:name="com.google.android.gms.common.api.GoogleApiActivity"
60-->[com.google.android.gms:play-services-base:17.0.0] AndroidManifest.xml:24:13-79
61            android:exported="false"
61-->[com.google.android.gms:play-services-base:17.0.0] AndroidManifest.xml:25:13-37
62            android:theme="@android:style/Theme.Translucent.NoTitleBar" />
62-->[com.google.android.gms:play-services-base:17.0.0] AndroidManifest.xml:26:13-72
63
64        <meta-data
64-->[com.google.android.gms:play-services-basement:17.0.0] AndroidManifest.xml:23:9-25:69
65            android:name="com.google.android.gms.version"
65-->[com.google.android.gms:play-services-basement:17.0.0] AndroidManifest.xml:24:13-58
66            android:value="@integer/google_play_services_version" />
66-->[com.google.android.gms:play-services-basement:17.0.0] AndroidManifest.xml:25:13-66
67    </application>
68
69</manifest>